# JRE version: OpenJDK Runtime Environment (21.0.6) (build 21.0.6+-13368085-b895.109)
# Java VM: OpenJDK 64-Bit Server VM (21.0.6+-13368085-b895.109, mixed mode, tiered, compressed oops, compressed class ptrs, g1 gc, windows-amd64)
GC Precious Log:
 CardTable entry size: 512
 Card Set container configuration: InlinePtr #cards 5 size 8 Array Of Cards #cards 12 size 40 Howl #buckets 4 coarsen threshold 1843 Howl Bitmap #cards 512 size 80 coarsen threshold 460 Card regions per heap region 1 cards per card region 2048
 CPUs: 12 total, 12 available
 Memory: 7863M
 Large Page Support: Disabled
 NUMA Support: Disabled
 Compressed Oops: Enabled (32-bit)
 Heap Region Size: 1M
 Heap Min Capacity: 8M
 Heap Initial Capacity: 124M
 Heap Max Capacity: 1966M
 Pre-touch: Disabled
 Parallel Workers: 10
 Concurrent Workers: 3
 Concurrent Refinement Workers: 10
 Periodic GC: Disabled
Heap:
 garbage-first heap   total 198656K, used 148480K [0x0000000085200000, 0x0000000100000000)
  region size 1024K, 61 young (62464K), 9 survivors (9216K)
 Metaspace       used 73221K, committed 73600K, reserved 1179648K
  class space    used 7645K, committed 7808K, reserved 1048576K
GC Heap History (20 events):
Event: 5.373 GC heap after
{Heap after GC invocations=16 (full 0):
 garbage-first heap   total 63488K, used 43008K [0x0000000085200000, 0x0000000100000000)
  region size 1024K, 3 young (3072K), 3 survivors (3072K)
 Metaspace       used 52993K, committed 53312K, reserved 1114112K
  class space    used 6013K, committed 6144K, reserved 1048576K
}
Event: 5.407 GC heap before
{Heap before GC invocations=16 (full 0):
 garbage-first heap   total 63488K, used 53248K [0x0000000085200000, 0x0000000100000000)
  region size 1024K, 14 young (14336K), 3 survivors (3072K)
 Metaspace       used 53014K, committed 53312K, reserved 1114112K
  class space    used 6013K, committed 6144K, reserved 1048576K
}
Event: 5.417 GC heap after
{Heap after GC invocations=17 (full 0):
 garbage-first heap   total 88064K, used 46987K [0x0000000085200000, 0x0000000100000000)
  region size 1024K, 2 young (2048K), 2 survivors (2048K)
 Metaspace       used 53014K, committed 53312K, reserved 1114112K
  class space    used 6013K, committed 6144K, reserved 1048576K
}
Event: 5.768 GC heap before
{Heap before GC invocations=17 (full 0):
 garbage-first heap   total 88064K, used 72587K [0x0000000085200000, 0x0000000100000000)
  region size 1024K, 27 young (27648K), 2 survivors (2048K)
 Metaspace       used 53730K, committed 54080K, reserved 1114112K
  class space    used 6104K, committed 6272K, reserved 1048576K
}
Event: 5.782 GC heap after
{Heap after GC invocations=18 (full 0):
 garbage-first heap   total 88064K, used 54573K [0x0000000085200000, 0x0000000100000000)
  region size 1024K, 4 young (4096K), 4 survivors (4096K)
 Metaspace       used 53730K, committed 54080K, reserved 1114112K
  class space    used 6104K, committed 6272K, reserved 1048576K
}
Event: 6.330 GC heap before
{Heap before GC invocations=19 (full 0):
 garbage-first heap   total 92160K, used 74029K [0x0000000085200000, 0x0000000100000000)
  region size 1024K, 23 young (23552K), 4 survivors (4096K)
 Metaspace       used 54401K, committed 54720K, reserved 1114112K
  class space    used 6144K, committed 6272K, reserved 1048576K
}
Event: 6.343 GC heap after
{Heap after GC invocations=20 (full 0):
 garbage-first heap   total 92160K, used 58368K [0x0000000085200000, 0x0000000100000000)
  region size 1024K, 3 young (3072K), 3 survivors (3072K)
 Metaspace       used 54401K, committed 54720K, reserved 1114112K
  class space    used 6144K, committed 6272K, reserved 1048576K
}
Event: 6.802 GC heap before
{Heap before GC invocations=20 (full 0):
 garbage-first heap   total 92160K, used 78848K [0x0000000085200000, 0x0000000100000000)
  region size 1024K, 23 young (23552K), 3 survivors (3072K)
 Metaspace       used 55230K, committed 55616K, reserved 1114112K
  class space    used 6178K, committed 6336K, reserved 1048576K
}
Event: 6.811 GC heap after
{Heap after GC invocations=21 (full 0):
 garbage-first heap   total 92160K, used 60865K [0x0000000085200000, 0x0000000100000000)
  region size 1024K, 3 young (3072K), 3 survivors (3072K)
 Metaspace       used 55230K, committed 55616K, reserved 1114112K
  class space    used 6178K, committed 6336K, reserved 1048576K
}
Event: 7.068 GC heap before
{Heap before GC invocations=21 (full 0):
 garbage-first heap   total 92160K, used 80321K [0x0000000085200000, 0x0000000100000000)
  region size 1024K, 22 young (22528K), 3 survivors (3072K)
 Metaspace       used 55795K, committed 56128K, reserved 1114112K
  class space    used 6254K, committed 6400K, reserved 1048576K
}
Event: 7.078 GC heap after
{Heap after GC invocations=22 (full 0):
 garbage-first heap   total 92160K, used 65237K [0x0000000085200000, 0x0000000100000000)
  region size 1024K, 3 young (3072K), 3 survivors (3072K)
 Metaspace       used 55795K, committed 56128K, reserved 1114112K
  class space    used 6254K, committed 6400K, reserved 1048576K
}
Event: 7.523 GC heap before
{Heap before GC invocations=23 (full 0):
 garbage-first heap   total 107520K, used 80597K [0x0000000085200000, 0x0000000100000000)
  region size 1024K, 19 young (19456K), 3 survivors (3072K)
 Metaspace       used 56336K, committed 56640K, reserved 1114112K
  class space    used 6262K, committed 6400K, reserved 1048576K
}
Event: 7.532 GC heap after
{Heap after GC invocations=24 (full 0):
 garbage-first heap   total 107520K, used 65833K [0x0000000085200000, 0x0000000100000000)
  region size 1024K, 2 young (2048K), 2 survivors (2048K)
 Metaspace       used 56336K, committed 56640K, reserved 1114112K
  class space    used 6262K, committed 6400K, reserved 1048576K
}
Event: 8.128 GC heap before
{Heap before GC invocations=24 (full 0):
 garbage-first heap   total 107520K, used 93481K [0x0000000085200000, 0x0000000100000000)
  region size 1024K, 29 young (29696K), 2 survivors (2048K)
 Metaspace       used 56795K, committed 57088K, reserved 1114112K
  class space    used 6277K, committed 6400K, reserved 1048576K
}
Event: 8.136 GC heap after
{Heap after GC invocations=25 (full 0):
 garbage-first heap   total 196608K, used 67777K [0x0000000085200000, 0x0000000100000000)
  region size 1024K, 4 young (4096K), 4 survivors (4096K)
 Metaspace       used 56795K, committed 57088K, reserved 1114112K
  class space    used 6277K, committed 6400K, reserved 1048576K
}
Event: 10.622 GC heap before
{Heap before GC invocations=25 (full 0):
 garbage-first heap   total 196608K, used 175297K [0x0000000085200000, 0x0000000100000000)
  region size 1024K, 110 young (112640K), 4 survivors (4096K)
 Metaspace       used 65513K, committed 65856K, reserved 1114112K
  class space    used 7004K, committed 7168K, reserved 1048576K
}
Event: 10.641 GC heap after
{Heap after GC invocations=26 (full 0):
 garbage-first heap   total 198656K, used 85722K [0x0000000085200000, 0x0000000100000000)
  region size 1024K, 14 young (14336K), 14 survivors (14336K)
 Metaspace       used 65513K, committed 65856K, reserved 1114112K
  class space    used 7004K, committed 7168K, reserved 1048576K
}
Event: 12.013 GC heap before
{Heap before GC invocations=26 (full 0):
 garbage-first heap   total 198656K, used 147162K [0x0000000085200000, 0x0000000100000000)
  region size 1024K, 74 young (75776K), 14 survivors (14336K)
 Metaspace       used 72094K, committed 72448K, reserved 1114112K
  class space    used 7570K, committed 7680K, reserved 1048576K
}
Event: 12.040 GC heap after
{Heap after GC invocations=27 (full 0):
 garbage-first heap   total 198656K, used 95744K [0x0000000085200000, 0x0000000100000000)
  region size 1024K, 9 young (9216K), 9 survivors (9216K)
 Metaspace       used 72094K, committed 72448K, reserved 1114112K
  class space    used 7570K, committed 7680K, reserved 1048576K
}
Event: 13.070 GC heap before
{Heap before GC invocations=27 (full 0):
 garbage-first heap   total 198656K, used 147968K [0x0000000085200000, 0x0000000100000000)
  region size 1024K, 61 young (62464K), 9 survivors (9216K)
 Metaspace       used 73221K, committed 73600K, reserved 1179648K
  class space    used 7645K, committed 7808K, reserved 1048576K
}

